# JRE version: Java(TM) SE Runtime Environment (18.0.1.1+2) (build 18.0.1.1+2-6)
# Java VM: Java HotSpot(TM) 64-Bit Server VM (18.0.1.1+2-6, mixed mode, sharing, tiered, compressed oops, compressed class ptrs, g1 gc, windows-amd64)
GC Precious Log:
 CardTable entry size: 512
 Card Set container configuration: InlinePtr #cards 4 size 8 Array Of Cards #cards 64 size 144 Howl #buckets 8 coarsen threshold 14745 Howl Bitmap #cards 2048 size 272 coarsen threshold 1843 Card regions per heap region 1 cards per card region 16384
 CPUs: 16 total, 16 available
 Memory: 16236M
 Large Page Support: Disabled
 NUMA Support: Disabled
 Compressed Oops: Enabled (Zero based)
 Heap Region Size: 8M
 Heap Min Capacity: 8M
 Heap Initial Capacity: 256M
 Heap Max Capacity: 14504M
 Pre-touch: Disabled
 Parallel Workers: 13
 Concurrent Workers: 3
 Concurrent Refinement Workers: 13
 Periodic GC: Disabled
Heap:
 garbage-first heap   total 2318336K, used 924418K [0x0000000475800000, 0x0000000800000000)
  region size 8192K, 59 young (483328K), 12 survivors (98304K)
 Metaspace       used 12530K, committed 12800K, reserved 1114112K
  class space    used 1206K, committed 1344K, reserved 1048576K
GC Heap History (20 events):
Event: 2.181 GC heap before
{Heap before GC invocations=16 (full 0):
 garbage-first heap   total 901120K, used 669823K [0x0000000475800000, 0x0000000800000000)
  region size 8192K, 66 young (540672K), 6 survivors (49152K)
 Metaspace       used 4314K, committed 4416K, reserved 1114112K
  class space    used 410K, committed 448K, reserved 1048576K
}
Event: 2.189 GC heap after
{Heap after GC invocations=17 (full 0):
 garbage-first heap   total 901120K, used 203249K [0x0000000475800000, 0x0000000800000000)
  region size 8192K, 6 young (49152K), 6 survivors (49152K)
 Metaspace       used 4314K, committed 4416K, reserved 1114112K
  class space    used 410K, committed 448K, reserved 1048576K
}
Event: 2.379 GC heap before
{Heap before GC invocations=17 (full 0):
 garbage-first heap   total 901120K, used 694769K [0x0000000475800000, 0x0000000800000000)
  region size 8192K, 66 young (540672K), 6 survivors (49152K)
 Metaspace       used 4314K, committed 4416K, reserved 1114112K
  class space    used 410K, committed 448K, reserved 1048576K
}
Event: 2.388 GC heap after
{Heap after GC invocations=18 (full 0):
 garbage-first heap   total 1310720K, used 225073K [0x0000000475800000, 0x0000000800000000)
  region size 8192K, 6 young (49152K), 6 survivors (49152K)
 Metaspace       used 4314K, committed 4416K, reserved 1114112K
  class space    used 410K, committed 448K, reserved 1048576K
}
Event: 2.792 GC heap before
{Heap before GC invocations=18 (full 0):
 garbage-first heap   total 1310720K, used 962353K [0x0000000475800000, 0x0000000800000000)
  region size 8192K, 96 young (786432K), 6 survivors (49152K)
 Metaspace       used 4314K, committed 4416K, reserved 1114112K
  class space    used 410K, committed 448K, reserved 1048576K
}
Event: 2.804 GC heap after
{Heap after GC invocations=19 (full 0):
 garbage-first heap   total 1310720K, used 260577K [0x0000000475800000, 0x0000000800000000)
  region size 8192K, 11 young (90112K), 11 survivors (90112K)
 Metaspace       used 4314K, committed 4416K, reserved 1114112K
  class space    used 410K, committed 448K, reserved 1048576K
}
Event: 3.076 GC heap before
{Heap before GC invocations=19 (full 0):
 garbage-first heap   total 1310720K, used 956897K [0x0000000475800000, 0x0000000800000000)
  region size 8192K, 96 young (786432K), 11 survivors (90112K)
 Metaspace       used 4314K, committed 4416K, reserved 1114112K
  class space    used 410K, committed 448K, reserved 1048576K
}
Event: 3.090 GC heap after
{Heap after GC invocations=20 (full 0):
 garbage-first heap   total 1310720K, used 292579K [0x0000000475800000, 0x0000000800000000)
  region size 8192K, 9 young (73728K), 9 survivors (73728K)
 Metaspace       used 4314K, committed 4416K, reserved 1114112K
  class space    used 410K, committed 448K, reserved 1048576K
}
Event: 3.362 GC heap before
{Heap before GC invocations=20 (full 0):
 garbage-first heap   total 1310720K, used 1005283K [0x0000000475800000, 0x0000000800000000)
  region size 8192K, 96 young (786432K), 9 survivors (73728K)
 Metaspace       used 4314K, committed 4416K, reserved 1114112K
  class space    used 410K, committed 448K, reserved 1048576K
}
Event: 3.375 GC heap after
{Heap after GC invocations=21 (full 0):
 garbage-first heap   total 1310720K, used 330364K [0x0000000475800000, 0x0000000800000000)
  region size 8192K, 9 young (73728K), 9 survivors (73728K)
 Metaspace       used 4314K, committed 4416K, reserved 1114112K
  class space    used 410K, committed 448K, reserved 1048576K
}
Event: 3.647 GC heap before
{Heap before GC invocations=21 (full 0):
 garbage-first heap   total 1310720K, used 1043068K [0x0000000475800000, 0x0000000800000000)
  region size 8192K, 96 young (786432K), 9 survivors (73728K)
 Metaspace       used 4314K, committed 4416K, reserved 1114112K
  class space    used 410K, committed 448K, reserved 1048576K
}
Event: 3.660 GC heap after
{Heap after GC invocations=22 (full 0):
 garbage-first heap   total 1794048K, used 366914K [0x0000000475800000, 0x0000000800000000)
  region size 8192K, 9 young (73728K), 9 survivors (73728K)
 Metaspace       used 4314K, committed 4416K, reserved 1114112K
  class space    used 410K, committed 448K, reserved 1048576K
}
Event: 4.169 GC heap before
{Heap before GC invocations=22 (full 0):
 garbage-first heap   total 1794048K, used 1366338K [0x0000000475800000, 0x0000000800000000)
  region size 8192K, 131 young (1073152K), 9 survivors (73728K)
 Metaspace       used 4314K, committed 4416K, reserved 1114112K
  class space    used 410K, committed 448K, reserved 1048576K
}
Event: 4.183 GC heap after
{Heap after GC invocations=23 (full 0):
 garbage-first heap   total 1794048K, used 409126K [0x0000000475800000, 0x0000000800000000)
  region size 8192K, 15 young (122880K), 15 survivors (122880K)
 Metaspace       used 4314K, committed 4416K, reserved 1114112K
  class space    used 410K, committed 448K, reserved 1048576K
}
Event: 4.553 GC heap before
{Heap before GC invocations=23 (full 0):
 garbage-first heap   total 1794048K, used 1359398K [0x0000000475800000, 0x0000000800000000)
  region size 8192K, 131 young (1073152K), 15 survivors (122880K)
 Metaspace       used 4314K, committed 4416K, reserved 1114112K
  class space    used 410K, committed 448K, reserved 1048576K
}
Event: 4.571 GC heap after
{Heap after GC invocations=24 (full 0):
 garbage-first heap   total 1794048K, used 457716K [0x0000000475800000, 0x0000000800000000)
  region size 8192K, 12 young (98304K), 12 survivors (98304K)
 Metaspace       used 4314K, committed 4416K, reserved 1114112K
  class space    used 410K, committed 448K, reserved 1048576K
}
Event: 4.947 GC heap before
{Heap before GC invocations=24 (full 0):
 garbage-first heap   total 1794048K, used 1432564K [0x0000000475800000, 0x0000000800000000)
  region size 8192K, 131 young (1073152K), 12 survivors (98304K)
 Metaspace       used 4314K, committed 4416K, reserved 1114112K
  class space    used 410K, committed 448K, reserved 1048576K
}
Event: 4.964 GC heap after
{Heap after GC invocations=25 (full 0):
 garbage-first heap   total 1794048K, used 503289K [0x0000000475800000, 0x0000000800000000)
  region size 8192K, 12 young (98304K), 12 survivors (98304K)
 Metaspace       used 4314K, committed 4416K, reserved 1114112K
  class space    used 410K, committed 448K, reserved 1048576K
}
Event: 5.336 GC heap before
{Heap before GC invocations=25 (full 0):
 garbage-first heap   total 1794048K, used 1478137K [0x0000000475800000, 0x0000000800000000)
  region size 8192K, 131 young (1073152K), 12 survivors (98304K)
 Metaspace       used 4314K, committed 4416K, reserved 1114112K
  class space    used 410K, committed 448K, reserved 1048576K
}
Event: 5.354 GC heap after
{Heap after GC invocations=26 (full 0):
 garbage-first heap   total 2318336K, used 547586K [0x0000000475800000, 0x0000000800000000)
  region size 8192K, 12 young (98304K), 12 survivors (98304K)
 Metaspace       used 4314K, committed 4416K, reserved 1114112K
  class space    used 410K, committed 448K, reserved 1048576K
}

