# JRE version: Java(TM) SE Runtime Environment (18.0.1.1+2) (build 18.0.1.1+2-6)
# Java VM: Java HotSpot(TM) 64-Bit Server VM (18.0.1.1+2-6, mixed mode, sharing, tiered, compressed oops, compressed class ptrs, g1 gc, windows-amd64)
GC Precious Log:
 CardTable entry size: 512
 Card Set container configuration: InlinePtr #cards 4 size 8 Array Of Cards #cards 64 size 144 Howl #buckets 8 coarsen threshold 14745 Howl Bitmap #cards 2048 size 272 coarsen threshold 1843 Card regions per heap region 1 cards per card region 16384
 CPUs: 16 total, 16 available
 Memory: 16236M
 Large Page Support: Disabled
 NUMA Support: Disabled
 Compressed Oops: Enabled (Zero based)
 Heap Region Size: 8M
 Heap Min Capacity: 8M
 Heap Initial Capacity: 256M
 Heap Max Capacity: 14504M
 Pre-touch: Disabled
 Parallel Workers: 13
 Concurrent Workers: 3
 Concurrent Refinement Workers: 13
 Periodic GC: Disabled
Heap:
 garbage-first heap   total 2203648K, used 1631333K [0x0000000475800000, 0x0000000800000000)
  region size 8192K, 150 young (1228800K), 12 survivors (98304K)
 Metaspace       used 12254K, committed 12480K, reserved 1114112K
  class space    used 1205K, committed 1344K, reserved 1048576K
GC Heap History (20 events):
Event: 2.156 GC heap before
{Heap before GC invocations=15 (full 0):
 garbage-first heap   total 843776K, used 618052K [0x0000000475800000, 0x0000000800000000)
  region size 8192K, 61 young (499712K), 6 survivors (49152K)
 Metaspace       used 4319K, committed 4416K, reserved 1114112K
  class space    used 410K, committed 448K, reserved 1048576K
}
Event: 2.164 GC heap after
{Heap after GC invocations=16 (full 0):
 garbage-first heap   total 843776K, used 188218K [0x0000000475800000, 0x0000000800000000)
  region size 8192K, 6 young (49152K), 6 survivors (49152K)
 Metaspace       used 4319K, committed 4416K, reserved 1114112K
  class space    used 410K, committed 448K, reserved 1048576K
}
Event: 2.331 GC heap before
{Heap before GC invocations=16 (full 0):
 garbage-first heap   total 843776K, used 638778K [0x0000000475800000, 0x0000000800000000)
  region size 8192K, 61 young (499712K), 6 survivors (49152K)
 Metaspace       used 4319K, committed 4416K, reserved 1114112K
  class space    used 410K, committed 448K, reserved 1048576K
}
Event: 2.340 GC heap after
{Heap after GC invocations=17 (full 0):
 garbage-first heap   total 1212416K, used 209924K [0x0000000475800000, 0x0000000800000000)
  region size 8192K, 6 young (49152K), 6 survivors (49152K)
 Metaspace       used 4319K, committed 4416K, reserved 1114112K
  class space    used 410K, committed 448K, reserved 1048576K
}
Event: 2.722 GC heap before
{Heap before GC invocations=17 (full 0):
 garbage-first heap   total 1212416K, used 881668K [0x0000000475800000, 0x0000000800000000)
  region size 8192K, 88 young (720896K), 6 survivors (49152K)
 Metaspace       used 4319K, committed 4416K, reserved 1114112K
  class space    used 410K, committed 448K, reserved 1048576K
}
Event: 2.732 GC heap after
{Heap after GC invocations=18 (full 0):
 garbage-first heap   total 1212416K, used 241437K [0x0000000475800000, 0x0000000800000000)
  region size 8192K, 10 young (81920K), 10 survivors (81920K)
 Metaspace       used 4319K, committed 4416K, reserved 1114112K
  class space    used 410K, committed 448K, reserved 1048576K
}
Event: 3.007 GC heap before
{Heap before GC invocations=18 (full 0):
 garbage-first heap   total 1212416K, used 880413K [0x0000000475800000, 0x0000000800000000)
  region size 8192K, 88 young (720896K), 10 survivors (81920K)
 Metaspace       used 4319K, committed 4416K, reserved 1114112K
  class space    used 410K, committed 448K, reserved 1048576K
}
Event: 3.020 GC heap after
{Heap after GC invocations=19 (full 0):
 garbage-first heap   total 1212416K, used 273653K [0x0000000475800000, 0x0000000800000000)
  region size 8192K, 9 young (73728K), 9 survivors (73728K)
 Metaspace       used 4319K, committed 4416K, reserved 1114112K
  class space    used 410K, committed 448K, reserved 1048576K
}
Event: 3.272 GC heap before
{Heap before GC invocations=19 (full 0):
 garbage-first heap   total 1212416K, used 920821K [0x0000000475800000, 0x0000000800000000)
  region size 8192K, 88 young (720896K), 9 survivors (73728K)
 Metaspace       used 4319K, committed 4416K, reserved 1114112K
  class space    used 410K, committed 448K, reserved 1048576K
}
Event: 3.284 GC heap after
{Heap after GC invocations=20 (full 0):
 garbage-first heap   total 1212416K, used 303002K [0x0000000475800000, 0x0000000800000000)
  region size 8192K, 8 young (65536K), 8 survivors (65536K)
 Metaspace       used 4319K, committed 4416K, reserved 1114112K
  class space    used 410K, committed 448K, reserved 1048576K
}
Event: 3.531 GC heap before
{Heap before GC invocations=20 (full 0):
 garbage-first heap   total 1212416K, used 958362K [0x0000000475800000, 0x0000000800000000)
  region size 8192K, 88 young (720896K), 8 survivors (65536K)
 Metaspace       used 4319K, committed 4416K, reserved 1114112K
  class space    used 410K, committed 448K, reserved 1048576K
}
Event: 3.544 GC heap after
{Heap after GC invocations=21 (full 0):
 garbage-first heap   total 1679360K, used 337257K [0x0000000475800000, 0x0000000800000000)
  region size 8192K, 9 young (73728K), 9 survivors (73728K)
 Metaspace       used 4319K, committed 4416K, reserved 1114112K
  class space    used 410K, committed 448K, reserved 1048576K
}
Event: 4.035 GC heap before
{Heap before GC invocations=21 (full 0):
 garbage-first heap   total 1679360K, used 1271145K [0x0000000475800000, 0x0000000800000000)
  region size 8192K, 123 young (1007616K), 9 survivors (73728K)
 Metaspace       used 4319K, committed 4416K, reserved 1114112K
  class space    used 410K, committed 448K, reserved 1048576K
}
Event: 4.048 GC heap after
{Heap after GC invocations=22 (full 0):
 garbage-first heap   total 1679360K, used 379110K [0x0000000475800000, 0x0000000800000000)
  region size 8192K, 14 young (114688K), 14 survivors (114688K)
 Metaspace       used 4319K, committed 4416K, reserved 1114112K
  class space    used 410K, committed 448K, reserved 1048576K
}
Event: 4.403 GC heap before
{Heap before GC invocations=22 (full 0):
 garbage-first heap   total 1679360K, used 1272038K [0x0000000475800000, 0x0000000800000000)
  region size 8192K, 123 young (1007616K), 14 survivors (114688K)
 Metaspace       used 4319K, committed 4416K, reserved 1114112K
  class space    used 410K, committed 448K, reserved 1048576K
}
Event: 4.422 GC heap after
{Heap after GC invocations=23 (full 0):
 garbage-first heap   total 1679360K, used 421895K [0x0000000475800000, 0x0000000800000000)
  region size 8192K, 12 young (98304K), 12 survivors (98304K)
 Metaspace       used 4319K, committed 4416K, reserved 1114112K
  class space    used 410K, committed 448K, reserved 1048576K
}
Event: 4.786 GC heap before
{Heap before GC invocations=23 (full 0):
 garbage-first heap   total 1679360K, used 1331207K [0x0000000475800000, 0x0000000800000000)
  region size 8192K, 123 young (1007616K), 12 survivors (98304K)
 Metaspace       used 4319K, committed 4416K, reserved 1114112K
  class space    used 410K, committed 448K, reserved 1048576K
}
Event: 4.802 GC heap after
{Heap after GC invocations=24 (full 0):
 garbage-first heap   total 1679360K, used 465379K [0x0000000475800000, 0x0000000800000000)
  region size 8192K, 11 young (90112K), 11 survivors (90112K)
 Metaspace       used 4319K, committed 4416K, reserved 1114112K
  class space    used 410K, committed 448K, reserved 1048576K
}
Event: 5.190 GC heap before
{Heap before GC invocations=24 (full 0):
 garbage-first heap   total 1679360K, used 1382883K [0x0000000475800000, 0x0000000800000000)
  region size 8192K, 123 young (1007616K), 11 survivors (90112K)
 Metaspace       used 4319K, committed 4416K, reserved 1114112K
  class space    used 410K, committed 448K, reserved 1048576K
}
Event: 5.207 GC heap after
{Heap after GC invocations=25 (full 0):
 garbage-first heap   total 2203648K, used 509029K [0x0000000475800000, 0x0000000800000000)
  region size 8192K, 12 young (98304K), 12 survivors (98304K)
 Metaspace       used 4319K, committed 4416K, reserved 1114112K
  class space    used 410K, committed 448K, reserved 1048576K
}

